Arguments: 
  /usr/local/bin/node /usr/share/yarn/bin/yarn.js add fonticon

PATH: 
  /home/hamstergeek/bin:/home/hamstergeek/.local/bin:/usr/local/sbin:/usr/local/bin:/usr/sbin:/usr/bin:/sbin:/bin:/usr/games:/usr/local/games:/snap/bin:/home/hamstergeek/bin:/usr/local/java/jdk1.8.0_60/bin

Yarn version: 
  1.3.2

Node version: 
  8.9.0

Platform: 
  linux x64

npm manifest: 
  {
    "dependencies": {
      "sweetalert2": "^7.3.5"
    },
    "name": "projectUAS",
    "version": "1.0.0",
    "main": "index.js",
    "author": "Hamstergeek <hamstergeek38@gmail.com>",
    "license": "MIT"
  }

yarn manifest: 
  No manifest

Lockfile: 
  # THIS IS AN AUTOGENERATED FILE. DO NOT EDIT THIS FILE DIRECTLY.
  # yarn lockfile v1
  
  
  sweetalert2@^7.3.5:
    version "7.3.5"
    resolved "https://registry.yarnpkg.com/sweetalert2/-/sweetalert2-7.3.5.tgz#fc900404660aa107dccd0ca4c9c8e918187ec5aa"

Trace: 
  Error: https://registry.yarnpkg.com/fonticon: ETIMEDOUT
      at Timeout._onTimeout (/usr/share/yarn/lib/cli.js:123749:19)
      at ontimeout (timers.js:475:11)
      at tryOnTimeout (timers.js:310:5)
      at Timer.listOnTimeout (timers.js:270:5)
